"File: HT66F0195_BLINK.c  Assembler  Version HGASM0202      Page 1


   1  0000              ; Generated by holtek-gcc v3.19, Mon Nov 13 14:47:06 2023
   2  0000              ; 
   3  0000              ; Configuration:
   4  0000              ;       without long instruction
   5  0000              ;       Single ROM, Multi-RAM
   6  0000              ;       bits_per_rom_unit:16
   7  0000              ;       with mp1
   8  0000              ;       with tbhp, address(0x9)
   9  0000              ;          Use tabrd-const
  10  0000              ;       
  11  0000              ;       
  12  0000              ;       
  13  0000              ; use 'tabrdc' instead of 'tabrd'
  14  0000              ;       
  15  0000              
  16  0000              #pragma translator "holtek-gcc 4.6.4" "3.19" "build 20130711"
  17  0000              ; Rebuild 718
  18  0000              
  19  0000              ir equ [2]
  20  0000              mp equ [3]
  21  0000              sbp equ [1]
  22  0000              acc equ [5]
  23  0000              bp equ [4]
  24  0000              tblp equ [7]
  25  0000              tbhp equ [9]
  26  0000              status equ [10]
  27  0000              c equ [10].0
  28  0000              ac equ [10].1
  29  0000              z equ [10].2
  30  0000              ov equ [10].3
  31  0000              intc equ [11]
  32  0000              
  33  0000              extern ra:byte
  34  0000              extern rb:byte
  35  0000              extern rc:byte
  36  0000              extern rd:byte
  37  0000              extern re:byte
  38  0000              extern rf:byte
  39  0000              extern rg:byte
  40  0000              extern rh:byte
  41  0000              extern _Crom2Prom:near
  42  0000              extern _Crom2PromNext:near
  43  0000              
  44  0000              RAMBANK 0 @HCCINIT, @HCCINIT0
  45  0000              
  46  0000              RAMBANK 0 @BITDATASEC, @BITDATASEC1
  47  0000              @HCCINIT	.section 'data'
  48  0000              @HCCINIT0	.section 'data'
  49  0000              @BITDATASEC	 .section 'data'
  50  0000              @BITDATASEC1	 .section 'data'
  51  0000              
  52  0000              #pragma debug scope 1 1
  53  0000              	extern __DELAY3:near
  54  0000              	extern __DELAYX3:near
  55  0000              	extern __DELAYX6:near
  56  0000              	extern __DELAYY5:near
  57  0000              	extern __DELAYY3:near
  58  0000              	extern _builtin_holtek_delay_2:byte
  59  0000              public _Delayms
"File: HT66F0195_BLINK.ASM  Assembler  Version HGASM0202      Page 2

  60  0000              #pragma debug scope 2 1

  31  0000              #line 31 "C:\Users\icetz\OneDrive\文件\HTK_Project\HT66F0195_BLINK\HT66F0195_BLINK.c"
  31  0000              _Delayms .section 'code'
  31  0000              _Delayms proc
  31  0000              public _Delayms_2
  31  0000  0002[           local _Delayms_2 db 2 dup(?)	; 2,0
            00
            ]
  31  0002              #pragma debug variable 10 2 _Delayms_2+0 "del"
  32  0002              #line 32 "C:\Users\icetz\OneDrive\文件\HTK_Project\HT66F0195_BLINK\HT66F0195_BLINK.c"
  32  0000  1F00     E  	clr rb
  32  0001  1F00     E  	clr rc
  32  0002  2800     R  	jmp _L2
  32  0003              _L3:
  32  0003              #line 32 "C:\Users\icetz\OneDrive\文件\HTK_Project\HT66F0195_BLINK\HT66F0195_BLINK.c"
  32  0003              ;# 32 "C:\Users\icetz\OneDrive\文件\HTK_Project\HT66F0195_BLINK\HT66F0195_BLINK.c" 1
  32  0003              	IF 2000>263690
  32  0003              ;# 32 "C:\Users\icetz\OneDrive\文件\HTK_Project\HT66F0195_BLINK\HT66F0195_BLINK.c" 1
  32  0003              	ERRMESSAGE 'the value 2000of the argument exceeds the maxinum 263690'
  32  0003              	ENDIF
  32  0003              ;# 32 "C:\Users\icetz\OneDrive\文件\HTK_Project\HT66F0195_BLINK\HT66F0195_BLINK.c" 1
  32  0003              	IF 2000<0
  32  0003              ;# 32 "C:\Users\icetz\OneDrive\文件\HTK_Project\HT66F0195_BLINK\HT66F0195_BLINK.c" 1
  32  0003              	ERRMESSAGE 'the value 2000 of the argument exceeds the mininum 0'
  32  0003              	ENDIF
  32  0003              ;# 32 "C:\Users\icetz\OneDrive\文件\HTK_Project\HT66F0195_BLINK\HT66F0195_BLINK.c" 1
  32  0003              	IF 2000==0
  32  0003              ;# 32 "C:\Users\icetz\OneDrive\文件\HTK_Project\HT66F0195_BLINK\HT66F0195_BLINK.c" 1
  32  0003              	JMP $
  32  0003              	ENDIF
  32  0003              ;# 32 "C:\Users\icetz\OneDrive\文件\HTK_Project\HT66F0195_BLINK\HT66F0195_BLINK.c" 1
  32  0003              	IF 2000==1
  32  0003              ;# 32 "C:\Users\icetz\OneDrive\文件\HTK_Project\HT66F0195_BLINK\HT66F0195_BLINK.c" 1
  32  0003              	NOP
  32  0003              	ENDIF
  32  0003              ;# 32 "C:\Users\icetz\OneDrive\文件\HTK_Project\HT66F0195_BLINK\HT66F0195_BLINK.c" 1
  32  0003              	IF 2000==2
  32  0003              ;# 32 "C:\Users\icetz\OneDrive\文件\HTK_Project\HT66F0195_BLINK\HT66F0195_BLINK.c" 1
  32  0003              	NOP
  32  0003              ;# 32 "C:\Users\icetz\OneDrive\文件\HTK_Project\HT66F0195_BLINK\HT66F0195_BLINK.c" 1
  32  0003              	NOP
  32  0003              	ENDIF
  32  0003              ;# 32 "C:\Users\icetz\OneDrive\文件\HTK_Project\HT66F0195_BLINK\HT66F0195_BLINK.c" 1
  32  0003              	IF 2000==3
  32  0003              ;# 32 "C:\Users\icetz\OneDrive\文件\HTK_Project\HT66F0195_BLINK\HT66F0195_BLINK.c" 1
  32  0003              	NOP
  32  0003              ;# 32 "C:\Users\icetz\OneDrive\文件\HTK_Project\HT66F0195_BLINK\HT66F0195_BLINK.c" 1
  32  0003              	NOP
  32  0003              ;# 32 "C:\Users\icetz\OneDrive\文件\HTK_Project\HT66F0195_BLINK\HT66F0195_BLINK.c" 1
  32  0003              	NOP
  32  0003              	ENDIF
  32  0003              ;# 32 "C:\Users\icetz\OneDrive\文件\HTK_Project\HT66F0195_BLINK\HT66F0195_BLINK.c" 1
  32  0003              	IF (2000<8) AND (2000>3)
  32  0003              ;# 32 "C:\Users\icetz\OneDrive\文件\HTK_Project\HT66F0195_BLINK\HT66F0195_BLINK.c" 1
  32  0003              	CALL __DELAY3 + 7 -2000
  32  0003              	ENDIF
  32  0003              ;# 32 "C:\Users\icetz\OneDrive\文件\HTK_Project\HT66F0195_BLINK\HT66F0195_BLINK.c" 1
  32  0003              	IF (2000< 0404h) AND (2000>7)
  32  0003              ;# 32 "C:\Users\icetz\OneDrive\文件\HTK_Project\HT66F0195_BLINK\HT66F0195_BLINK.c" 1
"File: HT66F0195_BLINK.c  Assembler  Version HGASM0202      Page 3

  32  0003              	MOV A,2000/4-1
  32  0003              ;# 32 "C:\Users\icetz\OneDrive\文件\HTK_Project\HT66F0195_BLINK\HT66F0195_BLINK.c" 1
  32  0003              	CALL __DELAYX3 + 3 -(2000 MOD 4)
  32  0003              	ENDIF
  32  0003              ;# 32 "C:\Users\icetz\OneDrive\文件\HTK_Project\HT66F0195_BLINK\HT66F0195_BLINK.c" 1
  32  0003              	IF (2000< 0x40B) AND (2000> 0403h)
  32  0003              ;# 32 "C:\Users\icetz\OneDrive\文件\HTK_Project\HT66F0195_BLINK\HT66F0195_BLINK.c" 1
  32  0003              	MOV A,0 
  32  0003              ;# 32 "C:\Users\icetz\OneDrive\文件\HTK_Project\HT66F0195_BLINK\HT66F0195_BLINK.c" 1
  32  0003              	CALL __DELAYX6 + 0x40a -2000
  32  0003              	ENDIF
  32  0003              ;# 32 "C:\Users\icetz\OneDrive\文件\HTK_Project\HT66F0195_BLINK\HT66F0195_BLINK.c" 1
  32  0003              	IF (2000 >= 0x40b) AND ((((2000-9)%0402h)/4+1)>256)
  32  0003              ;# 32 "C:\Users\icetz\OneDrive\文件\HTK_Project\HT66F0195_BLINK\HT66F0195_BLINK.c" 1
  32  0003              	MOV A,(2000-9)/0402h
  32  0003              ;# 32 "C:\Users\icetz\OneDrive\文件\HTK_Project\HT66F0195_BLINK\HT66F0195_BLINK.c" 1
  32  0003              	MOV _builtin_holtek_delay_2,A
  32  0003              ;# 32 "C:\Users\icetz\OneDrive\文件\HTK_Project\HT66F0195_BLINK\HT66F0195_BLINK.c" 1
  32  0003              	MOV A,0
  32  0003              ;# 32 "C:\Users\icetz\OneDrive\文件\HTK_Project\HT66F0195_BLINK\HT66F0195_BLINK.c" 1
  32  0003              	CALL __DELAYY5 +5- (((2000-9)%0402h)%6)
  32  0003              	ENDIF
  32  0003              ;# 32 "C:\Users\icetz\OneDrive\文件\HTK_Project\HT66F0195_BLINK\HT66F0195_BLINK.c" 1
  32  0003              	IF (2000 >= 0x40b) AND ((((2000-9)%0402h)/4+1)<=256)
  32  0003              ;# 32 "C:\Users\icetz\OneDrive\文件\HTK_Project\HT66F0195_BLINK\HT66F0195_BLINK.c" 1
  32  0003  0F01        	MOV A,(2000-9)/0402h
  32  0004              ;# 32 "C:\Users\icetz\OneDrive\文件\HTK_Project\HT66F0195_BLINK\HT66F0195_BLINK.c" 1
  32  0004  0080     E  	MOV _builtin_holtek_delay_2,A
  32  0005              ;# 32 "C:\Users\icetz\OneDrive\文件\HTK_Project\HT66F0195_BLINK\HT66F0195_BLINK.c" 1
  32  0005  0FF2        	MOV A,((2000-9)%0402h)/4+1
  32  0006              ;# 32 "C:\Users\icetz\OneDrive\文件\HTK_Project\HT66F0195_BLINK\HT66F0195_BLINK.c" 1
  32  0006  2000     E  	CALL __DELAYY3 +3-(((2000-9)%0402h)%4)
  32  0007              	ENDIF
  32  0007  1480     E  	inc rb
  32  0008  3D0A        	sz z
  32  0009  1480     E  	inc rc
  32  000A              _L2:
  32  000A  0700     E  	mov a,rb
  32  000B  0400     R  	xor a,_Delayms_2[0]
  32  000C  0700     E  	mov a,rc
  32  000D  3D0A        	sz z
  32  000E  0400     R  	xor a,_Delayms_2[1]
  32  000F  390A        	snz z
  32  0010  2800     R  	jmp _L3
  32  0011  0003        	ret
  32  0012              _Delayms endp
  32  0012              #line 32 "C:\Users\icetz\OneDrive\文件\HTK_Project\HT66F0195_BLINK\HT66F0195_BLINK.c"
  32  0012              #pragma debug scope 1 1
  32  0012              ___wdtc equ [26]
  32  0012              ___pac equ [21]
  32  0012              ___pa equ [20]
  32  0012              public _main
  32  0012              #pragma debug scope 3 1
  13  0012              #line 13 "C:\Users\icetz\OneDrive\文件\HTK_Project\HT66F0195_BLINK\HT66F0195_BLINK.c"
  13  0012              IFDEF WITH_DEFAULT_STARTUP
  13  0012              extern _main_initial0:near
  13  0012              extern _main_startup:near
  13  0012              ENDIF
  13  0012              
  13  0012              ROMBANK 0 @start
"File: HT66F0195_BLINK.c  Assembler  Version HGASM0202      Page 4

  13  0000              @start .section com_l 'code'
  13  0000              _main_startup1:
  13  0000              @start .section com_e 'code'
  13  0000  2800     R  	jmp _main
  13  0001              
  13  0000              _main .section 'code'
  13  0000              _main proc
  14  0000              #line 14 "C:\Users\icetz\OneDrive\文件\HTK_Project\HT66F0195_BLINK\HT66F0195_BLINK.c"
  14  0000  0FAF        	mov a,175
  14  0001  009A        	mov [26],a
  17  0002              #line 17 "C:\Users\icetz\OneDrive\文件\HTK_Project\HT66F0195_BLINK\HT66F0195_BLINK.c"
  17  0002  3795        	clr [21].7
  18  0003              #line 18 "C:\Users\icetz\OneDrive\文件\HTK_Project\HT66F0195_BLINK\HT66F0195_BLINK.c"
  18  0003  3794        	clr [20].7
  18  0004              _L6:
  21  0004              #line 21 "C:\Users\icetz\OneDrive\文件\HTK_Project\HT66F0195_BLINK\HT66F0195_BLINK.c"
  21  0004  3394        	set [20].7
  22  0005              #line 22 "C:\Users\icetz\OneDrive\文件\HTK_Project\HT66F0195_BLINK\HT66F0195_BLINK.c"
  22  0005  0FE8        	mov a,-24
  22  0006  0080     R  	mov _Delayms_2[0],a
  22  0007  0F03        	mov a,3
  22  0008  0080     R  	mov _Delayms_2[1],a
  22  0009  2000     R  	call _Delayms
  23  000A              #line 23 "C:\Users\icetz\OneDrive\文件\HTK_Project\HT66F0195_BLINK\HT66F0195_BLINK.c"
  23  000A  3794        	clr [20].7
  24  000B              #line 24 "C:\Users\icetz\OneDrive\文件\HTK_Project\HT66F0195_BLINK\HT66F0195_BLINK.c"
  24  000B  0FE8        	mov a,-24
  24  000C  0080     R  	mov _Delayms_2[0],a
  24  000D  0F03        	mov a,3
  24  000E  0080     R  	mov _Delayms_2[1],a
  24  000F  2000     R  	call _Delayms
  24  0010  2800     R  	jmp _L6
  24  0011  2800     R  	jmp $
  24  0012              _main endp
  24  0012              
  24  0012              @dummy endp
  24  0012              
  24  0012              #line 24 "C:\Users\icetz\OneDrive\文件\HTK_Project\HT66F0195_BLINK\HT66F0195_BLINK.c"
  24  0012              #pragma debug scope 1 1
  24  0012              #pragma debug struct_end
  24  0012              #pragma debug struct_end
  24  0012              #pragma debug union_end
  24  0012              #pragma debug union_end
  24  0012              #pragma debug variable 43 1 ___pa "__pa" 1
  24  0012              #pragma debug struct_end
  24  0012              #pragma debug struct_end
  24  0012              #pragma debug union_end
  24  0012              #pragma debug union_end
  24  0012              #pragma debug variable 45 1 ___pac "__pac" 1
  24  0012              #pragma debug struct_end
  24  0012              #pragma debug struct_end
  24  0012              #pragma debug union_end
  24  0012              #pragma debug union_end
  24  0012              #pragma debug variable 47 1 ___wdtc "__wdtc" 1
  13  0012              #line 13 "C:\Users\icetz\OneDrive\文件\HTK_Project\HT66F0195_BLINK\HT66F0195_BLINK.c"
  13  0000              @code .section at 0 'code'
  13  0000  2800     R  	jmp _main_startup1
  13  0001              
  13  0001              
  13  0001              ; 
"File: HT66F0195_BLINK.c  Assembler  Version HGASM0202      Page 5

  13  0001              ; Generated by holtek-gcc v3.19, Mon Nov 13 14:47:06 2023
  13  0001              ; Rebuild 718
  13  0001              ; end of file


        0 Errors, 0